# JRE version: OpenJDK Runtime Environment Temurin-17.0.7+7 (17.0.7+7) (build 17.0.7+7)
# Java VM: OpenJDK 64-Bit Server VM Temurin-17.0.7+7 (17.0.7+7, mixed mode, emulated-client, tiered, compressed oops, compressed class ptrs, g1 gc, windows-amd64)
GC Precious Log:
 CPUs: 4 total, 4 available
 Memory: 4000M
 Large Page Support: Disabled
 NUMA Support: Disabled
 Compressed Oops: Enabled (32-bit)
 Heap Region Size: 1M
 Heap Min Capacity: 8M
 Heap Initial Capacity: 64M
 Heap Max Capacity: 1002M
 Pre-touch: Disabled
 Parallel Workers: 4
 Concurrent Workers: 1
 Concurrent Refinement Workers: 4
 Periodic GC: Disabled
Heap:
 garbage-first heap   total 40960K, used 23649K [0x00000000c1600000, 0x0000000100000000)
  region size 1024K, 2 young (2048K), 1 survivors (1024K)
 Metaspace       used 66338K, committed 66752K, reserved 1114112K
  class space    used 9077K, committed 9280K, reserved 1048576K
GC Heap History (20 events):
Event: 44.941 GC heap before
{Heap before GC invocations=23 (full 0):
 garbage-first heap   total 37888K, used 29815K [0x00000000c1600000, 0x0000000100000000)
  region size 1024K, 10 young (10240K), 1 survivors (1024K)
 Metaspace       used 49897K, committed 50368K, reserved 1114112K
  class space    used 6523K, committed 6784K, reserved 1048576K
}
Event: 44.945 GC heap after
{Heap after GC invocations=24 (full 0):
 garbage-first heap   total 37888K, used 21094K [0x00000000c1600000, 0x0000000100000000)
  region size 1024K, 2 young (2048K), 2 survivors (2048K)
 Metaspace       used 49897K, committed 50368K, reserved 1114112K
  class space    used 6523K, committed 6784K, reserved 1048576K
}
Event: 46.169 GC heap before
{Heap before GC invocations=24 (full 0):
 garbage-first heap   total 37888K, used 29286K [0x00000000c1600000, 0x0000000100000000)
  region size 1024K, 11 young (11264K), 2 survivors (2048K)
 Metaspace       used 52195K, committed 52736K, reserved 1114112K
  class space    used 6854K, committed 7104K, reserved 1048576K
}
Event: 46.173 GC heap after
{Heap after GC invocations=25 (full 0):
 garbage-first heap   total 37888K, used 21621K [0x00000000c1600000, 0x0000000100000000)
  region size 1024K, 2 young (2048K), 2 survivors (2048K)
 Metaspace       used 52195K, committed 52736K, reserved 1114112K
  class space    used 6854K, committed 7104K, reserved 1048576K
}
Event: 48.175 GC heap before
{Heap before GC invocations=26 (full 0):
 garbage-first heap   total 39936K, used 29813K [0x00000000c1600000, 0x0000000100000000)
  region size 1024K, 11 young (11264K), 2 survivors (2048K)
 Metaspace       used 54253K, committed 54656K, reserved 1114112K
  class space    used 7112K, committed 7296K, reserved 1048576K
}
Event: 48.180 GC heap after
{Heap after GC invocations=27 (full 0):
 garbage-first heap   total 39936K, used 22266K [0x00000000c1600000, 0x0000000100000000)
  region size 1024K, 2 young (2048K), 2 survivors (2048K)
 Metaspace       used 54253K, committed 54656K, reserved 1114112K
  class space    used 7112K, committed 7296K, reserved 1048576K
}
Event: 48.436 GC heap before
{Heap before GC invocations=27 (full 0):
 garbage-first heap   total 39936K, used 22266K [0x00000000c1600000, 0x0000000100000000)
  region size 1024K, 3 young (3072K), 2 survivors (2048K)
 Metaspace       used 54458K, committed 54912K, reserved 1114112K
  class space    used 7145K, committed 7360K, reserved 1048576K
}
Event: 48.443 GC heap after
{Heap after GC invocations=28 (full 0):
 garbage-first heap   total 39936K, used 21613K [0x00000000c1600000, 0x0000000100000000)
  region size 1024K, 1 young (1024K), 1 survivors (1024K)
 Metaspace       used 54458K, committed 54912K, reserved 1114112K
  class space    used 7145K, committed 7360K, reserved 1048576K
}
Event: 50.405 GC heap before
{Heap before GC invocations=28 (full 0):
 garbage-first heap   total 39936K, used 30829K [0x00000000c1600000, 0x0000000100000000)
  region size 1024K, 11 young (11264K), 1 survivors (1024K)
 Metaspace       used 58049K, committed 58496K, reserved 1114112K
  class space    used 7710K, committed 7936K, reserved 1048576K
}
Event: 50.408 GC heap after
{Heap after GC invocations=29 (full 0):
 garbage-first heap   total 39936K, used 21850K [0x00000000c1600000, 0x0000000100000000)
  region size 1024K, 1 young (1024K), 1 survivors (1024K)
 Metaspace       used 58049K, committed 58496K, reserved 1114112K
  class space    used 7710K, committed 7936K, reserved 1048576K
}
Event: 54.112 GC heap before
{Heap before GC invocations=30 (full 0):
 garbage-first heap   total 39936K, used 33114K [0x00000000c1600000, 0x0000000100000000)
  region size 1024K, 12 young (12288K), 1 survivors (1024K)
 Metaspace       used 60353K, committed 60800K, reserved 1114112K
  class space    used 8203K, committed 8448K, reserved 1048576K
}
Event: 54.116 GC heap after
{Heap after GC invocations=31 (full 0):
 garbage-first heap   total 39936K, used 22252K [0x00000000c1600000, 0x0000000100000000)
  region size 1024K, 1 young (1024K), 1 survivors (1024K)
 Metaspace       used 60353K, committed 60800K, reserved 1114112K
  class space    used 8203K, committed 8448K, reserved 1048576K
}
Event: 58.716 GC heap before
{Heap before GC invocations=31 (full 0):
 garbage-first heap   total 39936K, used 32492K [0x00000000c1600000, 0x0000000100000000)
  region size 1024K, 12 young (12288K), 1 survivors (1024K)
 Metaspace       used 62206K, committed 62656K, reserved 1114112K
  class space    used 8480K, committed 8704K, reserved 1048576K
}
Event: 58.720 GC heap after
{Heap after GC invocations=32 (full 0):
 garbage-first heap   total 39936K, used 22553K [0x00000000c1600000, 0x0000000100000000)
  region size 1024K, 2 young (2048K), 2 survivors (2048K)
 Metaspace       used 62206K, committed 62656K, reserved 1114112K
  class space    used 8480K, committed 8704K, reserved 1048576K
}
Event: 65.088 GC heap before
{Heap before GC invocations=33 (full 0):
 garbage-first heap   total 40960K, used 32793K [0x00000000c1600000, 0x0000000100000000)
  region size 1024K, 12 young (12288K), 2 survivors (2048K)
 Metaspace       used 64076K, committed 64576K, reserved 1114112K
  class space    used 8792K, committed 9024K, reserved 1048576K
}
Event: 65.096 GC heap after
{Heap after GC invocations=34 (full 0):
 garbage-first heap   total 40960K, used 23436K [0x00000000c1600000, 0x0000000100000000)
  region size 1024K, 2 young (2048K), 2 survivors (2048K)
 Metaspace       used 64076K, committed 64576K, reserved 1114112K
  class space    used 8792K, committed 9024K, reserved 1048576K
}
Event: 65.200 GC heap before
{Heap before GC invocations=34 (full 0):
 garbage-first heap   total 40960K, used 24460K [0x00000000c1600000, 0x0000000100000000)
  region size 1024K, 3 young (3072K), 2 survivors (2048K)
 Metaspace       used 64331K, committed 64832K, reserved 1114112K
  class space    used 8804K, committed 9024K, reserved 1048576K
}
Event: 65.215 GC heap after
{Heap after GC invocations=35 (full 0):
 garbage-first heap   total 40960K, used 22843K [0x00000000c1600000, 0x0000000100000000)
  region size 1024K, 1 young (1024K), 1 survivors (1024K)
 Metaspace       used 64331K, committed 64832K, reserved 1114112K
  class space    used 8804K, committed 9024K, reserved 1048576K
}
Event: 66.828 GC heap before
{Heap before GC invocations=35 (full 0):
 garbage-first heap   total 40960K, used 32059K [0x00000000c1600000, 0x0000000100000000)
  region size 1024K, 11 young (11264K), 1 survivors (1024K)
 Metaspace       used 66245K, committed 66688K, reserved 1114112K
  class space    used 9060K, committed 9280K, reserved 1048576K
}
Event: 66.854 GC heap after
{Heap after GC invocations=36 (full 0):
 garbage-first heap   total 40960K, used 23649K [0x00000000c1600000, 0x0000000100000000)
  region size 1024K, 1 young (1024K), 1 survivors (1024K)
 Metaspace       used 66245K, committed 66688K, reserved 1114112K
  class space    used 9060K, committed 9280K, reserved 1048576K
}

